\BOOKMARK [0][-]{chapter.1}{\376\377\145\160\133\146\127\372\170\100\167\345\213\306}{}% 1
\BOOKMARK [1][-]{section.1.1}{\376\377\150\070\137\303\151\202\137\365\116\016\164\006\213\272}{chapter.1}% 2
\BOOKMARK [2][-]{subsection.1.1.1}{\376\377\176\277\140\047\172\172\225\364}{section.1.1}% 3
\BOOKMARK [2][-]{subsection.1.1.2}{\376\377\136\246\221\317\116\016\215\113\203\003\172\172\225\364}{section.1.1}% 4
\BOOKMARK [2][-]{subsection.1.1.3}{\376\377\121\205\171\357\172\172\225\364}{section.1.1}% 5
\BOOKMARK [2][-]{subsection.1.1.4}{\376\377\153\143\116\244\131\032\230\171\137\017}{section.1.1}% 6
\BOOKMARK [2][-]{subsection.1.1.5}{\376\377\167\351\226\065\122\006\147\220\126\336\230\176}{section.1.1}% 7
\BOOKMARK [2][-]{subsection.1.1.6}{\376\377\167\351\226\065\172\172\225\364}{section.1.1}% 8
\BOOKMARK [0][-]{chapter.2}{\376\377\121\375\145\160\143\322\120\074\116\016\221\315\147\204}{}% 9
\BOOKMARK [1][-]{section.2.1}{\376\377\220\032\165\050\164\006\213\272}{chapter.2}% 10
\BOOKMARK [2][-]{subsection.2.1.1}{\376\377\225\356\230\230\152\041\127\213}{section.2.1}% 11
\BOOKMARK [2][-]{subsection.2.1.2}{\376\377\143\322\120\074\172\172\225\364}{section.2.1}% 12
\BOOKMARK [2][-]{subsection.2.1.3}{\376\377\213\357\135\356\122\006\147\220\116\016\145\066\145\133\140\047}{section.2.1}% 13
\BOOKMARK [1][-]{section.2.2}{\376\377\121\167\117\123\143\322\120\074\145\271\154\325}{chapter.2}% 14
\BOOKMARK [2][-]{subsection.2.2.1}{\376\377\116\000\176\364\131\032\230\171\137\017\143\322\120\074}{section.2.2}% 15
\BOOKMARK [2][-]{subsection.2.2.2}{\376\377\122\006\153\265\143\322\120\074}{section.2.2}% 16
\BOOKMARK [2][-]{subsection.2.2.3}{\376\377\000F\000o\000u\000r\000i\000e\000r\000\040\143\322\120\074}{section.2.2}% 17
\BOOKMARK [0][-]{chapter.3}{\376\377\121\375\145\160\220\074\217\321}{}% 18
\BOOKMARK [1][-]{section.3.1}{\376\377\220\032\165\050\164\006\213\272}{chapter.3}% 19
\BOOKMARK [2][-]{subsection.3.1.1}{\376\377\225\356\230\230\152\041\127\213}{section.3.1}% 20
\BOOKMARK [2][-]{subsection.3.1.2}{\376\377\220\074\217\321\121\306\122\031}{section.3.1}% 21
\BOOKMARK [2][-]{subsection.3.1.3}{\376\377\150\070\137\303\133\232\164\006}{section.3.1}% 22
\BOOKMARK [1][-]{section.3.2}{\376\377\121\167\117\123\220\074\217\321\145\271\154\325}{chapter.3}% 23
\BOOKMARK [2][-]{subsection.3.2.1}{\376\377\147\000\117\030\136\163\145\271\220\074\217\321}{section.3.2}% 24
\BOOKMARK [2][-]{subsection.3.2.2}{\376\377\147\000\134\017\116\214\116\130\220\074\217\321\377\032\147\000\117\030\136\163\145\271\220\074\217\321\166\204\171\273\145\143\123\026\137\142\137\017}{section.3.2}% 25
\BOOKMARK [2][-]{subsection.3.2.3}{\376\377\147\000\117\163\116\000\201\364\220\074\217\321}{section.3.2}% 26
\BOOKMARK [0][-]{chapter.4}{\376\377\145\160\120\074\137\256\171\357\122\006}{}% 27
\BOOKMARK [1][-]{section.4.1}{\376\377\145\160\120\074\171\357\122\006}{chapter.4}% 28
\BOOKMARK [2][-]{subsection.4.1.1}{\376\377\220\032\165\050\164\006\213\272}{section.4.1}% 29
\BOOKMARK [2][-]{subsection.4.1.2}{\376\377\121\167\117\123\154\102\171\357\145\271\154\325}{section.4.1}% 30
\BOOKMARK [1][-]{section.4.2}{\376\377\145\160\120\074\137\256\122\006}{chapter.4}% 31
\BOOKMARK [2][-]{subsection.4.2.1}{\376\377\127\372\170\100\145\271\154\325}{section.4.2}% 32
\BOOKMARK [2][-]{subsection.4.2.2}{\376\377\232\330\174\276\136\246\145\271\154\325}{section.4.2}% 33
\BOOKMARK [0][-]{chapter.5}{\376\377\227\136\176\277\140\047\145\271\172\013\154\102\150\071\000\040\000\050\000N\000o\000n\000l\000i\000n\000e\000a\000r\000\040\000E\000q\000u\000a\000t\000i\000o\000n\000s\000\051}{}% 34
\BOOKMARK [1][-]{section.5.1}{\376\377\116\015\122\250\160\271\217\355\116\343\154\325\000\040\000\050\000F\000i\000x\000e\000d\000\040\000P\000o\000i\000n\000t\000\040\000I\000t\000e\000r\000a\000t\000i\000o\000n\000\051}{chapter.5}% 35
\BOOKMARK [2][-]{subsection.5.1.1}{\376\377\127\372\147\054\151\202\137\365}{section.5.1}% 36
\BOOKMARK [2][-]{subsection.5.1.2}{\376\377\145\066\145\133\164\006\213\272}{section.5.1}% 37
\BOOKMARK [2][-]{subsection.5.1.3}{\376\377\134\100\220\350\145\066\145\133\140\047\133\232\164\006}{section.5.1}% 38
\BOOKMARK [2][-]{subsection.5.1.4}{\376\377\145\066\145\133\226\066\000\040\000\050\000O\000r\000d\000e\000r\000\040\000o\000f\000\040\000C\000o\000n\000v\000e\000r\000g\000e\000n\000c\000e\000\051}{section.5.1}% 39
\BOOKMARK [2][-]{subsection.5.1.5}{\376\377\145\066\145\133\127\337\000\040\000\050\000C\000o\000n\000v\000e\000r\000g\000e\000n\000c\000e\000\040\000D\000o\000m\000a\000i\000n\000\051}{section.5.1}% 40
\BOOKMARK [1][-]{section.5.2}{\376\377\162\133\230\177\154\325\000\040\000\050\000N\000e\000w\000t\000o\000n\000'\000s\000\040\000M\000e\000t\000h\000o\000d\000\051}{chapter.5}% 41
\BOOKMARK [2][-]{subsection.5.2.1}{\376\377\147\204\220\040}{section.5.2}% 42
\BOOKMARK [2][-]{subsection.5.2.2}{\376\377\000\040\145\066\145\133\140\047\122\006\147\220}{section.5.2}% 43
\BOOKMARK [2][-]{subsection.5.2.3}{\376\377\000\040\221\315\150\071\140\305\137\142\117\356\153\143}{section.5.2}% 44
\BOOKMARK [1][-]{section.5.3}{\376\377\122\240\220\037\145\271\154\325}{chapter.5}% 45
\BOOKMARK [2][-]{subsection.5.3.1}{\376\377\122\162\176\277\154\325\000\040\000\050\000S\000e\000c\000a\000n\000t\000\040\000M\000e\000t\000h\000o\000d\000\051}{section.5.3}% 46
\BOOKMARK [2][-]{subsection.5.3.2}{\376\377\000A\000i\000t\000k\000e\000n\000\040\0002\000\040\122\240\220\037}{section.5.3}% 47
\BOOKMARK [2][-]{subsection.5.3.3}{\376\377\000S\000t\000e\000f\000f\000e\000n\000s\000e\000n\000\040\145\271\154\325}{section.5.3}% 48
\BOOKMARK [1][-]{section.5.4}{\376\377\227\136\176\277\140\047\145\271\172\013\176\304}{chapter.5}% 49
\BOOKMARK [2][-]{subsection.5.4.1}{\376\377\127\372\170\100\164\006\213\272\116\016\124\021\221\317\120\074\137\256\171\357\122\006}{section.5.4}% 50
\BOOKMARK [2][-]{subsection.5.4.2}{\376\377\131\032\121\103\162\133\230\177\154\325\000\040\000\050\000N\000e\000w\000t\000o\000n\000'\000s\000\040\000M\000e\000t\000h\000o\000d\000\040\000f\000o\000r\000\040\000S\000y\000s\000t\000e\000m\000s\000\051}{section.5.4}% 51
\BOOKMARK [0][-]{chapter.6}{\376\377\136\070\137\256\122\006\145\271\172\013\122\035\120\074\225\356\230\230\145\160\120\074\211\343\154\325}{}% 52
\BOOKMARK [1][-]{section.6.1}{\376\377\220\032\165\050\164\006\213\272}{chapter.6}% 53
\BOOKMARK [2][-]{subsection.6.1.1}{\376\377\225\356\230\230\152\041\127\213}{section.6.1}% 54
\BOOKMARK [2][-]{subsection.6.1.2}{\376\377\145\160\120\074\211\343\154\325\122\115\143\320\377\032\000L\000i\000p\000s\000c\000h\000i\000t\000z\000\040\147\141\116\366}{section.6.1}% 55
\BOOKMARK [2][-]{subsection.6.1.3}{\376\377\127\372\147\054\151\202\137\365}{section.6.1}% 56
\BOOKMARK [1][-]{section.6.2}{\376\377\166\370\121\163\133\232\164\006}{chapter.6}% 57
\BOOKMARK [2][-]{subsection.6.2.1}{\376\377\166\370\133\271\140\047}{section.6.2}% 58
\BOOKMARK [2][-]{subsection.6.2.2}{\376\377\145\164\117\123\213\357\135\356\117\060\213\241}{section.6.2}% 59
\BOOKMARK [2][-]{subsection.6.2.3}{\376\377\145\066\145\133\140\047\133\232\164\006}{section.6.2}% 60
\BOOKMARK [2][-]{subsection.6.2.4}{\376\377\172\063\133\232\140\047\133\232\164\006}{section.6.2}% 61
\BOOKMARK [1][-]{section.6.3}{\376\377\121\167\117\123\154\102\211\343\145\271\154\325}{chapter.6}% 62
\BOOKMARK [2][-]{subsection.6.3.1}{\376\377\123\125\153\145\154\325}{section.6.3}% 63
\BOOKMARK [2][-]{subsection.6.3.2}{\376\377\131\032\153\145\154\325}{section.6.3}% 64
\BOOKMARK [0][-]{chapter.7}{\376\377\176\277\140\047\116\343\145\160\145\271\172\013\176\304\145\160\120\074\211\343\154\325}{}% 65
\BOOKMARK [1][-]{section.7.1}{\376\377\176\277\140\047\116\343\145\160\145\271\172\013\176\304\166\364\143\245\211\343\154\325\000\040\000\050\000D\000i\000r\000e\000c\000t\000\040\000M\000e\000t\000h\000o\000d\000s\000\051}{chapter.7}% 66
\BOOKMARK [2][-]{subsection.7.1.1}{\376\377\127\372\147\054\151\202\137\365}{section.7.1}% 67
\BOOKMARK [2][-]{subsection.7.1.2}{\376\377\000G\000a\000u\000s\000s\000\040\155\210\123\273\154\325\000\040\000\050\000G\000a\000u\000s\000s\000\040\000E\000l\000i\000m\000i\000n\000a\000t\000i\000o\000n\000\051}{section.7.1}% 68
\BOOKMARK [2][-]{subsection.7.1.3}{\376\377\167\351\226\065\116\011\211\322\122\006\211\343\000\040\000\050\000M\000a\000t\000r\000i\000x\000\040\000F\000a\000c\000t\000o\000r\000i\000z\000a\000t\000i\000o\000n\000\051}{section.7.1}% 69
\BOOKMARK [2][-]{subsection.7.1.4}{\376\377\213\357\135\356\122\006\147\220\116\016\147\141\116\366\145\160}{section.7.1}% 70
\BOOKMARK [2][-]{subsection.7.1.5}{\376\377\136\177\116\111\220\006\116\016\153\143\122\031\123\026\000\040\000\050\000G\000e\000n\000e\000r\000a\000l\000i\000z\000e\000d\000\040\000I\000n\000v\000e\000r\000s\000e\000\040\000\046\000\040\000R\000e\000g\000u\000l\000a\000r\000i\000z\000a\000t\000i\000o\000n\000\051}{section.7.1}% 71
\BOOKMARK [1][-]{section.7.2}{\376\377\123\125\153\145\133\232\136\070\176\277\140\047\217\355\116\343\211\343\154\325\000\040\000\050\000S\000t\000a\000t\000i\000o\000n\000a\000r\000y\000\040\000L\000i\000n\000e\000a\000r\000\040\000I\000t\000e\000r\000a\000t\000i\000v\000e\000\040\000M\000e\000t\000h\000o\000d\000s\000\051}{chapter.7}% 72
\BOOKMARK [2][-]{subsection.7.2.1}{\376\377\217\355\116\343\154\325\127\372\170\100\164\006\213\272}{section.7.2}% 73
\BOOKMARK [2][-]{subsection.7.2.2}{\376\377\176\317\121\170\217\355\116\343\145\271\154\325}{section.7.2}% 74
\BOOKMARK [1][-]{section.7.3}{\376\377\227\136\133\232\136\070\217\355\116\343\154\325\000\040\000\050\000K\000r\000y\000l\000o\000v\000\040\000S\000u\000b\000s\000p\000a\000c\000e\000\040\000M\000e\000t\000h\000o\000d\000s\000\051}{chapter.7}% 75
\BOOKMARK [2][-]{subsection.7.3.1}{\376\377\123\330\122\006\123\237\164\006\116\016\000\040\000R\000i\000t\000z\000\040\145\271\154\325\127\372\170\100}{section.7.3}% 76
\BOOKMARK [2][-]{subsection.7.3.2}{\376\377\147\000\220\037\116\013\226\115\154\325\000\040\000\050\000S\000t\000e\000e\000p\000e\000s\000t\000\040\000D\000e\000s\000c\000e\000n\000t\000\051}{section.7.3}% 77
\BOOKMARK [2][-]{subsection.7.3.3}{\376\377\121\161\217\155\150\257\136\246\154\325\000\040\000\050\000C\000o\000n\000j\000u\000g\000a\000t\000e\000\040\000G\000r\000a\000d\000i\000e\000n\000t\000,\000\040\000C\000G\000\051}{section.7.3}% 78
\BOOKMARK [2][-]{subsection.7.3.4}{\376\377\230\204\131\004\164\006\142\200\147\057\000\040\000\050\000P\000r\000e\000c\000o\000n\000d\000i\000t\000i\000o\000n\000i\000n\000g\000\051}{section.7.3}% 79
