\BOOKMARK [0][-]{chapter.1}{\376\377\145\160\133\146\127\372\170\100\167\345\213\306}{}% 1
\BOOKMARK [1][-]{section.1.1}{\376\377\210\145\121\105\121\205\133\271}{chapter.1}% 2
\BOOKMARK [2][-]{subsection.1.1.1}{\376\377\167\351\226\065\166\204\123\357\122\006\140\047}{section.1.1}% 3
\BOOKMARK [1][-]{section.1.2}{\376\377\221\315\211\201\213\301\146\016}{chapter.1}% 4
\BOOKMARK [2][-]{subsection.1.2.1}{\376\377\000L\000e\000g\000e\000n\000d\000e\000r\131\032\230\171\137\017\166\204\226\366\136\163\145\271\213\357\135\356\147\000\134\017\140\047\215\050}{section.1.2}% 5
\BOOKMARK [2][-]{subsection.1.2.2}{\376\377\000C\000h\000e\000b\000y\000s\000h\000e\000v\131\032\230\171\137\017\166\204\226\366\116\000\201\364\213\357\135\356\147\000\134\017\140\047\215\050}{section.1.2}% 6
\BOOKMARK [1][-]{section.1.3}{\376\377\117\213\230\230\116\016\116\140\230\230}{chapter.1}% 7
\BOOKMARK [0][-]{chapter.2}{\376\377\121\375\145\160\143\322\120\074\116\016\221\315\147\204}{}% 8
\BOOKMARK [1][-]{section.2.1}{\376\377\221\315\211\201\213\301\146\016}{chapter.2}% 9
\BOOKMARK [2][-]{subsection.2.1.1}{\376\377\143\322\120\074\131\032\230\171\137\017\166\204\213\357\135\356\121\375\145\160}{section.2.1}% 10
\BOOKMARK [2][-]{subsection.2.1.2}{\376\377\122\006\162\107\176\277\140\047\143\322\120\074\124\214\122\006\162\107\116\011\153\041\000H\000e\000r\000m\000i\000t\000e\143\322\120\074\166\204\145\066\145\133\140\047\133\232\164\006}{section.2.1}% 11
\BOOKMARK [2][-]{subsection.2.1.3}{\376\377\116\011\211\322\143\322\120\074\131\032\230\171\137\017\137\142\137\017\060\001\166\370\131\032\230\171\137\017\137\142\137\017}{section.2.1}% 12
\BOOKMARK [2][-]{subsection.2.1.4}{\376\377\116\011\211\322\143\322\120\074\166\204\213\357\135\356\122\006\147\220}{section.2.1}% 13
\BOOKMARK [1][-]{section.2.2}{\376\377\121\375\145\160\220\074\217\321}{chapter.2}% 14
\BOOKMARK [1][-]{section.2.3}{\376\377\210\145\121\105\121\205\133\271}{chapter.2}% 15
\BOOKMARK [2][-]{subsection.2.3.1}{\376\377\000S\000c\000h\000a\000u\000d\000e\000r\127\372}{section.2.3}% 16
\BOOKMARK [1][-]{section.2.4}{\376\377\221\315\211\201\213\301\146\016}{chapter.2}% 17
\BOOKMARK [2][-]{subsection.2.4.1}{\376\377\147\000\117\163\136\163\145\271\220\074\217\321\133\130\127\050\125\057\116\000\140\047\133\232\164\006}{section.2.4}% 18
\BOOKMARK [2][-]{subsection.2.4.2}{\376\377\136\177\116\111\120\205\221\314\123\366\134\125\137\000\145\066\145\133\140\047\166\204\213\301\146\016}{section.2.4}% 19
\BOOKMARK [2][-]{subsection.2.4.3}{\376\377\147\000\117\163\116\000\201\364\220\074\217\321\133\130\127\050\140\047\133\232\164\006}{section.2.4}% 20
\BOOKMARK [2][-]{subsection.2.4.4}{\376\377\000C\000h\000e\000b\000y\000s\000h\000e\000v\116\244\225\031\160\271\176\304\133\232\164\006}{section.2.4}% 21
\BOOKMARK [2][-]{subsection.2.4.5}{\376\377\147\000\117\163\116\000\201\364\220\074\217\321\125\057\116\000\140\047\133\232\164\006}{section.2.4}% 22
\BOOKMARK [1][-]{section.2.5}{\376\377\221\315\211\201\117\213\230\230\116\016\116\140\230\230}{chapter.2}% 23
\BOOKMARK [0][-]{chapter.3}{\376\377\145\160\120\074\137\256\171\357\122\006}{}% 24
\BOOKMARK [1][-]{section.3.1}{\376\377\210\145\121\105\121\205\133\271}{chapter.3}% 25
\BOOKMARK [1][-]{section.3.2}{\376\377\221\315\211\201\213\301\146\016}{chapter.3}% 26
\BOOKMARK [2][-]{subsection.3.2.1}{\376\377\225\355\127\213\000N\000e\000w\000t\000o\000n\000-\000C\000o\000t\000e\000s\121\154\137\017\166\204\133\374\121\372\116\016\213\357\135\356\122\006\147\220}{section.3.2}% 27
\BOOKMARK [2][-]{subsection.3.2.2}{\376\377\137\000\127\213\000N\000e\000w\000t\000o\000n\000-\000C\000o\000t\000e\000s\121\154\137\017\166\204\133\374\121\372\116\016\213\357\135\356\122\006\147\220}{section.3.2}% 28
\BOOKMARK [1][-]{section.3.3}{\376\377\221\315\211\201\116\140\230\230\116\016\117\213\230\230}{chapter.3}% 29
\BOOKMARK [0][-]{chapter.4}{\376\377\136\070\137\256\122\006\145\271\172\013\145\160\120\074\211\343}{}% 30
\BOOKMARK [1][-]{section.4.1}{\376\377\210\145\121\105\121\205\133\271}{chapter.4}% 31
\BOOKMARK [1][-]{section.4.2}{\376\377\221\315\211\201\213\301\146\016}{chapter.4}% 32
\BOOKMARK [2][-]{subsection.4.2.1}{\376\377\000y\166\204\124\004\226\066\133\374\145\160}{section.4.2}% 33
\BOOKMARK [2][-]{subsection.4.2.2}{\376\377\116\000\153\145\213\357\135\356\116\016\134\100\220\350\142\052\145\255\213\357\135\356\166\204\121\163\174\373}{section.4.2}% 34
\BOOKMARK [1][-]{section.4.3}{\376\377\221\315\211\201\116\140\230\230\116\016\117\213\230\230}{chapter.4}% 35
\BOOKMARK [2][-]{subsection.4.3.1}{\376\377\154\102\166\370\133\271\226\066\124\214\116\073\134\100\220\350\142\052\145\255\213\357\135\356\377\032\154\360\122\322\176\247\145\160\134\125\137\000\154\325}{section.4.3}% 36
\BOOKMARK [2][-]{subsection.4.3.2}{\376\377\146\076\137\017\000R\000K\166\204\143\250\133\374}{section.4.3}% 37
